<?xml version="1.0" encoding="UTF-8"?>
<testsuite xmlns:xsi="http://www.w3.org/2001/XMLSchema-instance" xsi:noNamespaceSchemaLocation="https://maven.apache.org/surefire/maven-surefire-plugin/xsd/surefire-test-report-3.0.xsd" version="3.0" name="com.cg.SpringHibernateRestApi.SpringHibernateRestApiApplicationTests" time="1.641" tests="1" errors="0" skipped="0" failures="0">
  <properties>
    <property name="java.specification.version" value="17"/>
    <property name="sun.cpu.isalist" value="amd64"/>
    <property name="sun.jnu.encoding" value="Cp1252"/>
    <property name="java.class.path" value="C:\Users\BANSROY\Documents\CAPGEMINI-TRAINING\PRACTICE CODES\training\15-Spring-Boot-Rest-Jpa-Repository-Security\target\test-classes;C:\Users\BANSROY\Documents\CAPGEMINI-TRAINING\PRACTICE CODES\training\15-Spring-Boot-Rest-Jpa-Repository-Security\target\classes;C:\Users\BANSROY\.m2\repository\org\springframework\boot\spring-boot-starter-data-jpa\3.2.3\spring-boot-starter-data-jpa-3.2.3.jar;C:\Users\BANSROY\.m2\repository\org\springframework\boot\spring-boot-starter-aop\3.2.3\spring-boot-starter-aop-3.2.3.jar;C:\Users\BANSROY\.m2\repository\org\aspectj\aspectjweaver\1.9.21\aspectjweaver-1.9.21.jar;C:\Users\BANSROY\.m2\repository\org\springframework\boot\spring-boot-starter-jdbc\3.2.3\spring-boot-starter-jdbc-3.2.3.jar;C:\Users\BANSROY\.m2\repository\com\zaxxer\HikariCP\5.0.1\HikariCP-5.0.1.jar;C:\Users\BANSROY\.m2\repository\org\springframework\spring-jdbc\6.1.4\spring-jdbc-6.1.4.jar;C:\Users\BANSROY\.m2\repository\org\hibernate\orm\hibernate-core\6.4.4.Final\hibernate-core-6.4.4.Final.jar;C:\Users\BANSROY\.m2\repository\jakarta\persistence\jakarta.persistence-api\3.1.0\jakarta.persistence-api-3.1.0.jar;C:\Users\BANSROY\.m2\repository\jakarta\transaction\jakarta.transaction-api\2.0.1\jakarta.transaction-api-2.0.1.jar;C:\Users\BANSROY\.m2\repository\org\jboss\logging\jboss-logging\3.5.3.Final\jboss-logging-3.5.3.Final.jar;C:\Users\BANSROY\.m2\repository\org\hibernate\common\hibernate-commons-annotations\6.0.6.Final\hibernate-commons-annotations-6.0.6.Final.jar;C:\Users\BANSROY\.m2\repository\io\smallrye\jandex\3.1.2\jandex-3.1.2.jar;C:\Users\BANSROY\.m2\repository\com\fasterxml\classmate\1.6.0\classmate-1.6.0.jar;C:\Users\BANSROY\.m2\repository\net\bytebuddy\byte-buddy\1.14.12\byte-buddy-1.14.12.jar;C:\Users\BANSROY\.m2\repository\jakarta\inject\jakarta.inject-api\2.0.1\jakarta.inject-api-2.0.1.jar;C:\Users\BANSROY\.m2\repository\org\antlr\antlr4-runtime\4.13.0\antlr4-runtime-4.13.0.jar;C:\Users\BANSROY\.m2\repository\org\springframework\data\spring-data-jpa\3.2.3\spring-data-jpa-3.2.3.jar;C:\Users\BANSROY\.m2\repository\org\springframework\data\spring-data-commons\3.2.3\spring-data-commons-3.2.3.jar;C:\Users\BANSROY\.m2\repository\org\springframework\spring-orm\6.1.4\spring-orm-6.1.4.jar;C:\Users\BANSROY\.m2\repository\org\springframework\spring-context\6.1.4\spring-context-6.1.4.jar;C:\Users\BANSROY\.m2\repository\org\springframework\spring-tx\6.1.4\spring-tx-6.1.4.jar;C:\Users\BANSROY\.m2\repository\org\springframework\spring-beans\6.1.4\spring-beans-6.1.4.jar;C:\Users\BANSROY\.m2\repository\jakarta\annotation\jakarta.annotation-api\2.1.1\jakarta.annotation-api-2.1.1.jar;C:\Users\BANSROY\.m2\repository\org\slf4j\slf4j-api\2.0.12\slf4j-api-2.0.12.jar;C:\Users\BANSROY\.m2\repository\org\springframework\spring-aspects\6.1.4\spring-aspects-6.1.4.jar;C:\Users\BANSROY\.m2\repository\org\springframework\boot\spring-boot-starter-web\3.2.3\spring-boot-starter-web-3.2.3.jar;C:\Users\BANSROY\.m2\repository\org\springframework\boot\spring-boot-starter\3.2.3\spring-boot-starter-3.2.3.jar;C:\Users\BANSROY\.m2\repository\org\springframework\boot\spring-boot-starter-logging\3.2.3\spring-boot-starter-logging-3.2.3.jar;C:\Users\BANSROY\.m2\repository\ch\qos\logback\logback-classic\1.4.14\logback-classic-1.4.14.jar;C:\Users\BANSROY\.m2\repository\ch\qos\logback\logback-core\1.4.14\logback-core-1.4.14.jar;C:\Users\BANSROY\.m2\repository\org\apache\logging\log4j\log4j-to-slf4j\2.21.1\log4j-to-slf4j-2.21.1.jar;C:\Users\BANSROY\.m2\repository\org\apache\logging\log4j\log4j-api\2.21.1\log4j-api-2.21.1.jar;C:\Users\BANSROY\.m2\repository\org\slf4j\jul-to-slf4j\2.0.12\jul-to-slf4j-2.0.12.jar;C:\Users\BANSROY\.m2\repository\org\yaml\snakeyaml\2.2\snakeyaml-2.2.jar;C:\Users\BANSROY\.m2\repository\org\springframework\boot\spring-boot-starter-json\3.2.3\spring-boot-starter-json-3.2.3.jar;C:\Users\BANSROY\.m2\repository\com\fasterxml\jackson\datatype\jackson-datatype-jdk8\2.15.4\jackson-datatype-jdk8-2.15.4.jar;C:\Users\BANSROY\.m2\repository\com\fasterxml\jackson\datatype\jackson-datatype-jsr310\2.15.4\jackson-datatype-jsr310-2.15.4.jar;C:\Users\BANSROY\.m2\repository\com\fasterxml\jackson\module\jackson-module-parameter-names\2.15.4\jackson-module-parameter-names-2.15.4.jar;C:\Users\BANSROY\.m2\repository\org\springframework\boot\spring-boot-starter-tomcat\3.2.3\spring-boot-starter-tomcat-3.2.3.jar;C:\Users\BANSROY\.m2\repository\org\apache\tomcat\embed\tomcat-embed-core\10.1.19\tomcat-embed-core-10.1.19.jar;C:\Users\BANSROY\.m2\repository\org\apache\tomcat\embed\tomcat-embed-el\10.1.19\tomcat-embed-el-10.1.19.jar;C:\Users\BANSROY\.m2\repository\org\apache\tomcat\embed\tomcat-embed-websocket\10.1.19\tomcat-embed-websocket-10.1.19.jar;C:\Users\BANSROY\.m2\repository\org\springframework\spring-web\6.1.4\spring-web-6.1.4.jar;C:\Users\BANSROY\.m2\repository\io\micrometer\micrometer-observation\1.12.3\micrometer-observation-1.12.3.jar;C:\Users\BANSROY\.m2\repository\io\micrometer\micrometer-commons\1.12.3\micrometer-commons-1.12.3.jar;C:\Users\BANSROY\.m2\repository\org\springframework\spring-webmvc\6.1.4\spring-webmvc-6.1.4.jar;C:\Users\BANSROY\.m2\repository\org\springframework\spring-expression\6.1.4\spring-expression-6.1.4.jar;C:\Users\BANSROY\.m2\repository\org\springdoc\springdoc-openapi-starter-webmvc-ui\2.0.2\springdoc-openapi-starter-webmvc-ui-2.0.2.jar;C:\Users\BANSROY\.m2\repository\org\springdoc\springdoc-openapi-starter-webmvc-api\2.0.2\springdoc-openapi-starter-webmvc-api-2.0.2.jar;C:\Users\BANSROY\.m2\repository\org\springdoc\springdoc-openapi-starter-common\2.0.2\springdoc-openapi-starter-common-2.0.2.jar;C:\Users\BANSROY\.m2\repository\io\swagger\core\v3\swagger-core-jakarta\2.2.7\swagger-core-jakarta-2.2.7.jar;C:\Users\BANSROY\.m2\repository\org\apache\commons\commons-lang3\3.13.0\commons-lang3-3.13.0.jar;C:\Users\BANSROY\.m2\repository\io\swagger\core\v3\swagger-annotations-jakarta\2.2.7\swagger-annotations-jakarta-2.2.7.jar;C:\Users\BANSROY\.m2\repository\io\swagger\core\v3\swagger-models-jakarta\2.2.7\swagger-models-jakarta-2.2.7.jar;C:\Users\BANSROY\.m2\repository\jakarta\validation\jakarta.validation-api\3.0.2\jakarta.validation-api-3.0.2.jar;C:\Users\BANSROY\.m2\repository\com\fasterxml\jackson\dataformat\jackson-dataformat-yaml\2.15.4\jackson-dataformat-yaml-2.15.4.jar;C:\Users\BANSROY\.m2\repository\org\webjars\swagger-ui\4.15.5\swagger-ui-4.15.5.jar;C:\Users\BANSROY\.m2\repository\org\webjars\webjars-locator-core\0.55\webjars-locator-core-0.55.jar;C:\Users\BANSROY\.m2\repository\io\github\classgraph\classgraph\4.8.149\classgraph-4.8.149.jar;C:\Users\BANSROY\.m2\repository\org\springframework\boot\spring-boot-starter-security\3.2.3\spring-boot-starter-security-3.2.3.jar;C:\Users\BANSROY\.m2\repository\org\springframework\spring-aop\6.1.4\spring-aop-6.1.4.jar;C:\Users\BANSROY\.m2\repository\org\springframework\security\spring-security-config\6.2.2\spring-security-config-6.2.2.jar;C:\Users\BANSROY\.m2\repository\org\springframework\security\spring-security-core\6.2.2\spring-security-core-6.2.2.jar;C:\Users\BANSROY\.m2\repository\org\springframework\security\spring-security-crypto\6.2.2\spring-security-crypto-6.2.2.jar;C:\Users\BANSROY\.m2\repository\org\springframework\security\spring-security-web\6.2.2\spring-security-web-6.2.2.jar;C:\Users\BANSROY\.m2\repository\org\springframework\boot\spring-boot-devtools\3.2.3\spring-boot-devtools-3.2.3.jar;C:\Users\BANSROY\.m2\repository\org\springframework\boot\spring-boot\3.2.3\spring-boot-3.2.3.jar;C:\Users\BANSROY\.m2\repository\org\springframework\boot\spring-boot-autoconfigure\3.2.3\spring-boot-autoconfigure-3.2.3.jar;C:\Users\BANSROY\.m2\repository\io\jsonwebtoken\jjwt\0.9.1\jjwt-0.9.1.jar;C:\Users\BANSROY\.m2\repository\com\fasterxml\jackson\core\jackson-databind\2.15.4\jackson-databind-2.15.4.jar;C:\Users\BANSROY\.m2\repository\com\fasterxml\jackson\core\jackson-annotations\2.15.4\jackson-annotations-2.15.4.jar;C:\Users\BANSROY\.m2\repository\com\fasterxml\jackson\core\jackson-core\2.15.4\jackson-core-2.15.4.jar;C:\Users\BANSROY\.m2\repository\javax\xml\bind\jaxb-api\2.1\jaxb-api-2.1.jar;C:\Users\BANSROY\.m2\repository\javax\xml\stream\stax-api\1.0-2\stax-api-1.0-2.jar;C:\Users\BANSROY\.m2\repository\javax\activation\activation\1.1\activation-1.1.jar;C:\Users\BANSROY\.m2\repository\javax\servlet\servlet-api\3.0-alpha-1\servlet-api-3.0-alpha-1.jar;C:\Users\BANSROY\.m2\repository\jakarta\xml\bind\jakarta.xml.bind-api\4.0.0\jakarta.xml.bind-api-4.0.0.jar;C:\Users\BANSROY\.m2\repository\jakarta\activation\jakarta.activation-api\2.1.2\jakarta.activation-api-2.1.2.jar;C:\Users\BANSROY\.m2\repository\com\sun\xml\bind\jaxb-impl\4.0.3\jaxb-impl-4.0.3.jar;C:\Users\BANSROY\.m2\repository\com\sun\xml\bind\jaxb-core\4.0.4\jaxb-core-4.0.4.jar;C:\Users\BANSROY\.m2\repository\org\eclipse\angus\angus-activation\2.0.1\angus-activation-2.0.1.jar;C:\Users\BANSROY\.m2\repository\org\glassfish\jaxb\jaxb-runtime\2.3.8\jaxb-runtime-2.3.8.jar;C:\Users\BANSROY\.m2\repository\org\glassfish\jaxb\txw2\4.0.4\txw2-4.0.4.jar;C:\Users\BANSROY\.m2\repository\com\sun\istack\istack-commons-runtime\4.1.2\istack-commons-runtime-4.1.2.jar;C:\Users\BANSROY\.m2\repository\com\sun\activation\jakarta.activation\1.2.2\jakarta.activation-1.2.2.jar;C:\Users\BANSROY\.m2\repository\org\springframework\boot\spring-boot-starter-test\3.2.3\spring-boot-starter-test-3.2.3.jar;C:\Users\BANSROY\.m2\repository\org\springframework\boot\spring-boot-test\3.2.3\spring-boot-test-3.2.3.jar;C:\Users\BANSROY\.m2\repository\org\springframework\boot\spring-boot-test-autoconfigure\3.2.3\spring-boot-test-autoconfigure-3.2.3.jar;C:\Users\BANSROY\.m2\repository\com\jayway\jsonpath\json-path\2.9.0\json-path-2.9.0.jar;C:\Users\BANSROY\.m2\repository\net\minidev\json-smart\2.5.0\json-smart-2.5.0.jar;C:\Users\BANSROY\.m2\repository\net\minidev\accessors-smart\2.5.0\accessors-smart-2.5.0.jar;C:\Users\BANSROY\.m2\repository\org\ow2\asm\asm\9.3\asm-9.3.jar;C:\Users\BANSROY\.m2\repository\org\assertj\assertj-core\3.24.2\assertj-core-3.24.2.jar;C:\Users\BANSROY\.m2\repository\org\awaitility\awaitility\4.2.0\awaitility-4.2.0.jar;C:\Users\BANSROY\.m2\repository\org\hamcrest\hamcrest\2.2\hamcrest-2.2.jar;C:\Users\BANSROY\.m2\repository\org\junit\jupiter\junit-jupiter\5.10.2\junit-jupiter-5.10.2.jar;C:\Users\BANSROY\.m2\repository\org\junit\jupiter\junit-jupiter-api\5.10.2\junit-jupiter-api-5.10.2.jar;C:\Users\BANSROY\.m2\repository\org\opentest4j\opentest4j\1.3.0\opentest4j-1.3.0.jar;C:\Users\BANSROY\.m2\repository\org\junit\platform\junit-platform-commons\1.10.2\junit-platform-commons-1.10.2.jar;C:\Users\BANSROY\.m2\repository\org\apiguardian\apiguardian-api\1.1.2\apiguardian-api-1.1.2.jar;C:\Users\BANSROY\.m2\repository\org\junit\jupiter\junit-jupiter-params\5.10.2\junit-jupiter-params-5.10.2.jar;C:\Users\BANSROY\.m2\repository\org\junit\jupiter\junit-jupiter-engine\5.10.2\junit-jupiter-engine-5.10.2.jar;C:\Users\BANSROY\.m2\repository\org\junit\platform\junit-platform-engine\1.10.2\junit-platform-engine-1.10.2.jar;C:\Users\BANSROY\.m2\repository\org\mockito\mockito-core\5.7.0\mockito-core-5.7.0.jar;C:\Users\BANSROY\.m2\repository\net\bytebuddy\byte-buddy-agent\1.14.12\byte-buddy-agent-1.14.12.jar;C:\Users\BANSROY\.m2\repository\org\objenesis\objenesis\3.3\objenesis-3.3.jar;C:\Users\BANSROY\.m2\repository\org\mockito\mockito-junit-jupiter\5.7.0\mockito-junit-jupiter-5.7.0.jar;C:\Users\BANSROY\.m2\repository\org\skyscreamer\jsonassert\1.5.1\jsonassert-1.5.1.jar;C:\Users\BANSROY\.m2\repository\com\vaadin\external\google\android-json\0.0.20131108.vaadin1\android-json-0.0.20131108.vaadin1.jar;C:\Users\BANSROY\.m2\repository\org\springframework\spring-core\6.1.4\spring-core-6.1.4.jar;C:\Users\BANSROY\.m2\repository\org\springframework\spring-jcl\6.1.4\spring-jcl-6.1.4.jar;C:\Users\BANSROY\.m2\repository\org\springframework\spring-test\6.1.4\spring-test-6.1.4.jar;C:\Users\BANSROY\.m2\repository\org\xmlunit\xmlunit-core\2.9.1\xmlunit-core-2.9.1.jar;C:\Users\BANSROY\.m2\repository\com\oracle\database\jdbc\ojdbc11\21.9.0.0\ojdbc11-21.9.0.0.jar;"/>
    <property name="java.vm.vendor" value="Eclipse Adoptium"/>
    <property name="sun.arch.data.model" value="64"/>
    <property name="user.variant" value=""/>
    <property name="java.vendor.url" value="https://adoptium.net/"/>
    <property name="user.timezone" value="Asia/Calcutta"/>
    <property name="org.jboss.logging.provider" value="slf4j"/>
    <property name="os.name" value="Windows 11"/>
    <property name="java.vm.specification.version" value="17"/>
    <property name="sun.java.launcher" value="SUN_STANDARD"/>
    <property name="user.country" value="IN"/>
    <property name="sun.boot.library.path" value="C:\Users\BANSROY\.p2\pool\plugins\org.eclipse.justj.openjdk.hotspot.jre.full.win32.x86_64_17.0.9.v20231028-0858\jre\bin"/>
    <property name="sun.java.command" value="C:\Users\BANSROY\AppData\Local\Temp\surefire17053326386991315114\surefirebooter-20240325145659728_3.jar C:\Users\BANSROY\AppData\Local\Temp\surefire17053326386991315114 2024-03-25T14-56-59_480-jvmRun1 surefire-20240325145659728_1tmp surefire_0-20240325145659728_2tmp"/>
    <property name="jdk.debug" value="release"/>
    <property name="surefire.test.class.path" value="C:\Users\BANSROY\Documents\CAPGEMINI-TRAINING\PRACTICE CODES\training\15-Spring-Boot-Rest-Jpa-Repository-Security\target\test-classes;C:\Users\BANSROY\Documents\CAPGEMINI-TRAINING\PRACTICE CODES\training\15-Spring-Boot-Rest-Jpa-Repository-Security\target\classes;C:\Users\BANSROY\.m2\repository\org\springframework\boot\spring-boot-starter-data-jpa\3.2.3\spring-boot-starter-data-jpa-3.2.3.jar;C:\Users\BANSROY\.m2\repository\org\springframework\boot\spring-boot-starter-aop\3.2.3\spring-boot-starter-aop-3.2.3.jar;C:\Users\BANSROY\.m2\repository\org\aspectj\aspectjweaver\1.9.21\aspectjweaver-1.9.21.jar;C:\Users\BANSROY\.m2\repository\org\springframework\boot\spring-boot-starter-jdbc\3.2.3\spring-boot-starter-jdbc-3.2.3.jar;C:\Users\BANSROY\.m2\repository\com\zaxxer\HikariCP\5.0.1\HikariCP-5.0.1.jar;C:\Users\BANSROY\.m2\repository\org\springframework\spring-jdbc\6.1.4\spring-jdbc-6.1.4.jar;C:\Users\BANSROY\.m2\repository\org\hibernate\orm\hibernate-core\6.4.4.Final\hibernate-core-6.4.4.Final.jar;C:\Users\BANSROY\.m2\repository\jakarta\persistence\jakarta.persistence-api\3.1.0\jakarta.persistence-api-3.1.0.jar;C:\Users\BANSROY\.m2\repository\jakarta\transaction\jakarta.transaction-api\2.0.1\jakarta.transaction-api-2.0.1.jar;C:\Users\BANSROY\.m2\repository\org\jboss\logging\jboss-logging\3.5.3.Final\jboss-logging-3.5.3.Final.jar;C:\Users\BANSROY\.m2\repository\org\hibernate\common\hibernate-commons-annotations\6.0.6.Final\hibernate-commons-annotations-6.0.6.Final.jar;C:\Users\BANSROY\.m2\repository\io\smallrye\jandex\3.1.2\jandex-3.1.2.jar;C:\Users\BANSROY\.m2\repository\com\fasterxml\classmate\1.6.0\classmate-1.6.0.jar;C:\Users\BANSROY\.m2\repository\net\bytebuddy\byte-buddy\1.14.12\byte-buddy-1.14.12.jar;C:\Users\BANSROY\.m2\repository\jakarta\inject\jakarta.inject-api\2.0.1\jakarta.inject-api-2.0.1.jar;C:\Users\BANSROY\.m2\repository\org\antlr\antlr4-runtime\4.13.0\antlr4-runtime-4.13.0.jar;C:\Users\BANSROY\.m2\repository\org\springframework\data\spring-data-jpa\3.2.3\spring-data-jpa-3.2.3.jar;C:\Users\BANSROY\.m2\repository\org\springframework\data\spring-data-commons\3.2.3\spring-data-commons-3.2.3.jar;C:\Users\BANSROY\.m2\repository\org\springframework\spring-orm\6.1.4\spring-orm-6.1.4.jar;C:\Users\BANSROY\.m2\repository\org\springframework\spring-context\6.1.4\spring-context-6.1.4.jar;C:\Users\BANSROY\.m2\repository\org\springframework\spring-tx\6.1.4\spring-tx-6.1.4.jar;C:\Users\BANSROY\.m2\repository\org\springframework\spring-beans\6.1.4\spring-beans-6.1.4.jar;C:\Users\BANSROY\.m2\repository\jakarta\annotation\jakarta.annotation-api\2.1.1\jakarta.annotation-api-2.1.1.jar;C:\Users\BANSROY\.m2\repository\org\slf4j\slf4j-api\2.0.12\slf4j-api-2.0.12.jar;C:\Users\BANSROY\.m2\repository\org\springframework\spring-aspects\6.1.4\spring-aspects-6.1.4.jar;C:\Users\BANSROY\.m2\repository\org\springframework\boot\spring-boot-starter-web\3.2.3\spring-boot-starter-web-3.2.3.jar;C:\Users\BANSROY\.m2\repository\org\springframework\boot\spring-boot-starter\3.2.3\spring-boot-starter-3.2.3.jar;C:\Users\BANSROY\.m2\repository\org\springframework\boot\spring-boot-starter-logging\3.2.3\spring-boot-starter-logging-3.2.3.jar;C:\Users\BANSROY\.m2\repository\ch\qos\logback\logback-classic\1.4.14\logback-classic-1.4.14.jar;C:\Users\BANSROY\.m2\repository\ch\qos\logback\logback-core\1.4.14\logback-core-1.4.14.jar;C:\Users\BANSROY\.m2\repository\org\apache\logging\log4j\log4j-to-slf4j\2.21.1\log4j-to-slf4j-2.21.1.jar;C:\Users\BANSROY\.m2\repository\org\apache\logging\log4j\log4j-api\2.21.1\log4j-api-2.21.1.jar;C:\Users\BANSROY\.m2\repository\org\slf4j\jul-to-slf4j\2.0.12\jul-to-slf4j-2.0.12.jar;C:\Users\BANSROY\.m2\repository\org\yaml\snakeyaml\2.2\snakeyaml-2.2.jar;C:\Users\BANSROY\.m2\repository\org\springframework\boot\spring-boot-starter-json\3.2.3\spring-boot-starter-json-3.2.3.jar;C:\Users\BANSROY\.m2\repository\com\fasterxml\jackson\datatype\jackson-datatype-jdk8\2.15.4\jackson-datatype-jdk8-2.15.4.jar;C:\Users\BANSROY\.m2\repository\com\fasterxml\jackson\datatype\jackson-datatype-jsr310\2.15.4\jackson-datatype-jsr310-2.15.4.jar;C:\Users\BANSROY\.m2\repository\com\fasterxml\jackson\module\jackson-module-parameter-names\2.15.4\jackson-module-parameter-names-2.15.4.jar;C:\Users\BANSROY\.m2\repository\org\springframework\boot\spring-boot-starter-tomcat\3.2.3\spring-boot-starter-tomcat-3.2.3.jar;C:\Users\BANSROY\.m2\repository\org\apache\tomcat\embed\tomcat-embed-core\10.1.19\tomcat-embed-core-10.1.19.jar;C:\Users\BANSROY\.m2\repository\org\apache\tomcat\embed\tomcat-embed-el\10.1.19\tomcat-embed-el-10.1.19.jar;C:\Users\BANSROY\.m2\repository\org\apache\tomcat\embed\tomcat-embed-websocket\10.1.19\tomcat-embed-websocket-10.1.19.jar;C:\Users\BANSROY\.m2\repository\org\springframework\spring-web\6.1.4\spring-web-6.1.4.jar;C:\Users\BANSROY\.m2\repository\io\micrometer\micrometer-observation\1.12.3\micrometer-observation-1.12.3.jar;C:\Users\BANSROY\.m2\repository\io\micrometer\micrometer-commons\1.12.3\micrometer-commons-1.12.3.jar;C:\Users\BANSROY\.m2\repository\org\springframework\spring-webmvc\6.1.4\spring-webmvc-6.1.4.jar;C:\Users\BANSROY\.m2\repository\org\springframework\spring-expression\6.1.4\spring-expression-6.1.4.jar;C:\Users\BANSROY\.m2\repository\org\springdoc\springdoc-openapi-starter-webmvc-ui\2.0.2\springdoc-openapi-starter-webmvc-ui-2.0.2.jar;C:\Users\BANSROY\.m2\repository\org\springdoc\springdoc-openapi-starter-webmvc-api\2.0.2\springdoc-openapi-starter-webmvc-api-2.0.2.jar;C:\Users\BANSROY\.m2\repository\org\springdoc\springdoc-openapi-starter-common\2.0.2\springdoc-openapi-starter-common-2.0.2.jar;C:\Users\BANSROY\.m2\repository\io\swagger\core\v3\swagger-core-jakarta\2.2.7\swagger-core-jakarta-2.2.7.jar;C:\Users\BANSROY\.m2\repository\org\apache\commons\commons-lang3\3.13.0\commons-lang3-3.13.0.jar;C:\Users\BANSROY\.m2\repository\io\swagger\core\v3\swagger-annotations-jakarta\2.2.7\swagger-annotations-jakarta-2.2.7.jar;C:\Users\BANSROY\.m2\repository\io\swagger\core\v3\swagger-models-jakarta\2.2.7\swagger-models-jakarta-2.2.7.jar;C:\Users\BANSROY\.m2\repository\jakarta\validation\jakarta.validation-api\3.0.2\jakarta.validation-api-3.0.2.jar;C:\Users\BANSROY\.m2\repository\com\fasterxml\jackson\dataformat\jackson-dataformat-yaml\2.15.4\jackson-dataformat-yaml-2.15.4.jar;C:\Users\BANSROY\.m2\repository\org\webjars\swagger-ui\4.15.5\swagger-ui-4.15.5.jar;C:\Users\BANSROY\.m2\repository\org\webjars\webjars-locator-core\0.55\webjars-locator-core-0.55.jar;C:\Users\BANSROY\.m2\repository\io\github\classgraph\classgraph\4.8.149\classgraph-4.8.149.jar;C:\Users\BANSROY\.m2\repository\org\springframework\boot\spring-boot-starter-security\3.2.3\spring-boot-starter-security-3.2.3.jar;C:\Users\BANSROY\.m2\repository\org\springframework\spring-aop\6.1.4\spring-aop-6.1.4.jar;C:\Users\BANSROY\.m2\repository\org\springframework\security\spring-security-config\6.2.2\spring-security-config-6.2.2.jar;C:\Users\BANSROY\.m2\repository\org\springframework\security\spring-security-core\6.2.2\spring-security-core-6.2.2.jar;C:\Users\BANSROY\.m2\repository\org\springframework\security\spring-security-crypto\6.2.2\spring-security-crypto-6.2.2.jar;C:\Users\BANSROY\.m2\repository\org\springframework\security\spring-security-web\6.2.2\spring-security-web-6.2.2.jar;C:\Users\BANSROY\.m2\repository\org\springframework\boot\spring-boot-devtools\3.2.3\spring-boot-devtools-3.2.3.jar;C:\Users\BANSROY\.m2\repository\org\springframework\boot\spring-boot\3.2.3\spring-boot-3.2.3.jar;C:\Users\BANSROY\.m2\repository\org\springframework\boot\spring-boot-autoconfigure\3.2.3\spring-boot-autoconfigure-3.2.3.jar;C:\Users\BANSROY\.m2\repository\io\jsonwebtoken\jjwt\0.9.1\jjwt-0.9.1.jar;C:\Users\BANSROY\.m2\repository\com\fasterxml\jackson\core\jackson-databind\2.15.4\jackson-databind-2.15.4.jar;C:\Users\BANSROY\.m2\repository\com\fasterxml\jackson\core\jackson-annotations\2.15.4\jackson-annotations-2.15.4.jar;C:\Users\BANSROY\.m2\repository\com\fasterxml\jackson\core\jackson-core\2.15.4\jackson-core-2.15.4.jar;C:\Users\BANSROY\.m2\repository\javax\xml\bind\jaxb-api\2.1\jaxb-api-2.1.jar;C:\Users\BANSROY\.m2\repository\javax\xml\stream\stax-api\1.0-2\stax-api-1.0-2.jar;C:\Users\BANSROY\.m2\repository\javax\activation\activation\1.1\activation-1.1.jar;C:\Users\BANSROY\.m2\repository\javax\servlet\servlet-api\3.0-alpha-1\servlet-api-3.0-alpha-1.jar;C:\Users\BANSROY\.m2\repository\jakarta\xml\bind\jakarta.xml.bind-api\4.0.0\jakarta.xml.bind-api-4.0.0.jar;C:\Users\BANSROY\.m2\repository\jakarta\activation\jakarta.activation-api\2.1.2\jakarta.activation-api-2.1.2.jar;C:\Users\BANSROY\.m2\repository\com\sun\xml\bind\jaxb-impl\4.0.3\jaxb-impl-4.0.3.jar;C:\Users\BANSROY\.m2\repository\com\sun\xml\bind\jaxb-core\4.0.4\jaxb-core-4.0.4.jar;C:\Users\BANSROY\.m2\repository\org\eclipse\angus\angus-activation\2.0.1\angus-activation-2.0.1.jar;C:\Users\BANSROY\.m2\repository\org\glassfish\jaxb\jaxb-runtime\2.3.8\jaxb-runtime-2.3.8.jar;C:\Users\BANSROY\.m2\repository\org\glassfish\jaxb\txw2\4.0.4\txw2-4.0.4.jar;C:\Users\BANSROY\.m2\repository\com\sun\istack\istack-commons-runtime\4.1.2\istack-commons-runtime-4.1.2.jar;C:\Users\BANSROY\.m2\repository\com\sun\activation\jakarta.activation\1.2.2\jakarta.activation-1.2.2.jar;C:\Users\BANSROY\.m2\repository\org\springframework\boot\spring-boot-starter-test\3.2.3\spring-boot-starter-test-3.2.3.jar;C:\Users\BANSROY\.m2\repository\org\springframework\boot\spring-boot-test\3.2.3\spring-boot-test-3.2.3.jar;C:\Users\BANSROY\.m2\repository\org\springframework\boot\spring-boot-test-autoconfigure\3.2.3\spring-boot-test-autoconfigure-3.2.3.jar;C:\Users\BANSROY\.m2\repository\com\jayway\jsonpath\json-path\2.9.0\json-path-2.9.0.jar;C:\Users\BANSROY\.m2\repository\net\minidev\json-smart\2.5.0\json-smart-2.5.0.jar;C:\Users\BANSROY\.m2\repository\net\minidev\accessors-smart\2.5.0\accessors-smart-2.5.0.jar;C:\Users\BANSROY\.m2\repository\org\ow2\asm\asm\9.3\asm-9.3.jar;C:\Users\BANSROY\.m2\repository\org\assertj\assertj-core\3.24.2\assertj-core-3.24.2.jar;C:\Users\BANSROY\.m2\repository\org\awaitility\awaitility\4.2.0\awaitility-4.2.0.jar;C:\Users\BANSROY\.m2\repository\org\hamcrest\hamcrest\2.2\hamcrest-2.2.jar;C:\Users\BANSROY\.m2\repository\org\junit\jupiter\junit-jupiter\5.10.2\junit-jupiter-5.10.2.jar;C:\Users\BANSROY\.m2\repository\org\junit\jupiter\junit-jupiter-api\5.10.2\junit-jupiter-api-5.10.2.jar;C:\Users\BANSROY\.m2\repository\org\opentest4j\opentest4j\1.3.0\opentest4j-1.3.0.jar;C:\Users\BANSROY\.m2\repository\org\junit\platform\junit-platform-commons\1.10.2\junit-platform-commons-1.10.2.jar;C:\Users\BANSROY\.m2\repository\org\apiguardian\apiguardian-api\1.1.2\apiguardian-api-1.1.2.jar;C:\Users\BANSROY\.m2\repository\org\junit\jupiter\junit-jupiter-params\5.10.2\junit-jupiter-params-5.10.2.jar;C:\Users\BANSROY\.m2\repository\org\junit\jupiter\junit-jupiter-engine\5.10.2\junit-jupiter-engine-5.10.2.jar;C:\Users\BANSROY\.m2\repository\org\junit\platform\junit-platform-engine\1.10.2\junit-platform-engine-1.10.2.jar;C:\Users\BANSROY\.m2\repository\org\mockito\mockito-core\5.7.0\mockito-core-5.7.0.jar;C:\Users\BANSROY\.m2\repository\net\bytebuddy\byte-buddy-agent\1.14.12\byte-buddy-agent-1.14.12.jar;C:\Users\BANSROY\.m2\repository\org\objenesis\objenesis\3.3\objenesis-3.3.jar;C:\Users\BANSROY\.m2\repository\org\mockito\mockito-junit-jupiter\5.7.0\mockito-junit-jupiter-5.7.0.jar;C:\Users\BANSROY\.m2\repository\org\skyscreamer\jsonassert\1.5.1\jsonassert-1.5.1.jar;C:\Users\BANSROY\.m2\repository\com\vaadin\external\google\android-json\0.0.20131108.vaadin1\android-json-0.0.20131108.vaadin1.jar;C:\Users\BANSROY\.m2\repository\org\springframework\spring-core\6.1.4\spring-core-6.1.4.jar;C:\Users\BANSROY\.m2\repository\org\springframework\spring-jcl\6.1.4\spring-jcl-6.1.4.jar;C:\Users\BANSROY\.m2\repository\org\springframework\spring-test\6.1.4\spring-test-6.1.4.jar;C:\Users\BANSROY\.m2\repository\org\xmlunit\xmlunit-core\2.9.1\xmlunit-core-2.9.1.jar;C:\Users\BANSROY\.m2\repository\com\oracle\database\jdbc\ojdbc11\21.9.0.0\ojdbc11-21.9.0.0.jar;"/>
    <property name="sun.cpu.endian" value="little"/>
    <property name="user.home" value="C:\Users\BANSROY"/>
    <property name="user.language" value="en"/>
    <property name="java.specification.vendor" value="Oracle Corporation"/>
    <property name="java.version.date" value="2023-10-17"/>
    <property name="java.home" value="C:\Users\BANSROY\.p2\pool\plugins\org.eclipse.justj.openjdk.hotspot.jre.full.win32.x86_64_17.0.9.v20231028-0858\jre"/>
    <property name="file.separator" value="\"/>
    <property name="style.color" value="always"/>
    <property name="basedir" value="C:\Users\BANSROY\Documents\CAPGEMINI-TRAINING\PRACTICE CODES\training\15-Spring-Boot-Rest-Jpa-Repository-Security"/>
    <property name="java.vm.compressedOopsMode" value="Zero based"/>
    <property name="line.separator" value="&#10;"/>
    <property name="java.vm.specification.vendor" value="Oracle Corporation"/>
    <property name="java.specification.name" value="Java Platform API Specification"/>
    <property name="FILE_LOG_CHARSET" value="windows-1252"/>
    <property name="java.awt.headless" value="true"/>
    <property name="surefire.real.class.path" value="C:\Users\BANSROY\AppData\Local\Temp\surefire17053326386991315114\surefirebooter-20240325145659728_3.jar"/>
    <property name="user.script" value=""/>
    <property name="sun.management.compiler" value="HotSpot 64-Bit Tiered Compilers"/>
    <property name="java.runtime.version" value="17.0.9+9"/>
    <property name="user.name" value="bansroy"/>
    <property name="path.separator" value=";"/>
    <property name="os.version" value="10.0"/>
    <property name="java.runtime.name" value="OpenJDK Runtime Environment"/>
    <property name="file.encoding" value="Cp1252"/>
    <property name="java.vm.name" value="OpenJDK 64-Bit Server VM"/>
    <property name="java.vendor.version" value="Temurin-17.0.9+9"/>
    <property name="localRepository" value="C:\Users\BANSROY\.m2\repository"/>
    <property name="java.vendor.url.bug" value="https://github.com/adoptium/adoptium-support/issues"/>
    <property name="java.io.tmpdir" value="C:\Users\BANSROY\AppData\Local\Temp\"/>
    <property name="com.zaxxer.hikari.pool_number" value="2"/>
    <property name="java.version" value="17.0.9"/>
    <property name="user.dir" value="C:\Users\BANSROY\Documents\CAPGEMINI-TRAINING\PRACTICE CODES\training\15-Spring-Boot-Rest-Jpa-Repository-Security"/>
    <property name="os.arch" value="amd64"/>
    <property name="java.vm.specification.name" value="Java Virtual Machine Specification"/>
    <property name="PID" value="25940"/>
    <property name="sun.os.patch.level" value=""/>
    <property name="CONSOLE_LOG_CHARSET" value="windows-1252"/>
    <property name="native.encoding" value="Cp1252"/>
    <property name="java.library.path" value="C:\Users\BANSROY\.p2\pool\plugins\org.eclipse.justj.openjdk.hotspot.jre.full.win32.x86_64_17.0.9.v20231028-0858\jre\bin;C:\Windows\Sun\Java\bin;C:\Windows\system32;C:\Windows;C:/Users/BANSROY/.p2/pool/plugins/org.eclipse.justj.openjdk.hotspot.jre.full.win32.x86_64_17.0.9.v20231028-0858/jre/bin/server;C:/Users/BANSROY/.p2/pool/plugins/org.eclipse.justj.openjdk.hotspot.jre.full.win32.x86_64_17.0.9.v20231028-0858/jre/bin;C:\oraclexe\app\oracle\product\11.2.0\server\bin;;C:\Program Files\Eclipse Adoptium\jdk-19.0.2.7-hotspot\bin;C:\Windows\system32;C:\Windows;C:\Windows\System32\Wbem;C:\Windows\System32\WindowsPowerShell\v1.0\;C:\Windows\System32\OpenSSH\;C:\Program Files\Git\cmd;C:\Program Files\nodejs\;C:\Program Files\Microsoft VS Code\bin;C:\Program Files\nodejs;C:\Users\BANSROY\AppData\Local\Microsoft\WindowsApps;C:\Users\BANSROY\AppData\Roaming\npm;C:\jdk-17_windows-x64_bin\jdk-17.0.9\bin;;C:\Users\BANSROY\Desktop;;."/>
    <property name="java.vm.info" value="mixed mode"/>
    <property name="java.vendor" value="Eclipse Adoptium"/>
    <property name="java.vm.version" value="17.0.9+9"/>
    <property name="sun.io.unicode.encoding" value="UnicodeLittle"/>
    <property name="java.class.version" value="61.0"/>
  </properties>
  <testcase name="contextLoads" classname="com.cg.SpringHibernateRestApi.SpringHibernateRestApiApplicationTests" time="0.005">
    <system-out><![CDATA[2024-03-25T14:57:12.870+05:30  INFO 25940 --- [           main] t.c.s.AnnotationConfigContextLoaderUtils : Could not detect default configuration classes for test class [com.cg.SpringHibernateRestApi.SpringHibernateRestApiApplicationTests]: SpringHibernateRestApiApplicationTests does not declare any static, non-private, non-final, nested classes annotated with @Configuration.
2024-03-25T14:57:12.872+05:30  INFO 25940 --- [           main] .b.t.c.SpringBootTestContextBootstrapper : Found @SpringBootConfiguration com.cg.Application for test class com.cg.SpringHibernateRestApi.SpringHibernateRestApiApplicationTests
2024-03-25T14:57:12.876+05:30  INFO 25940 --- [           main] o.s.b.d.r.RestartApplicationListener     : Restart disabled due to context in which it is running

  .   ____          _            __ _ _
 /\\ / ___'_ __ _ _(_)_ __  __ _ \ \ \ \
( ( )\___ | '_ | '_| | '_ \/ _` | \ \ \ \
 \\/  ___)| |_)| | | | | || (_| |  ) ) ) )
  '  |____| .__|_| |_|_| |_\__, | / / / /
 =========|_|==============|___/=/_/_/_/
 :: Spring Boot ::                (v3.2.3)

2024-03-25T14:57:12.913+05:30  INFO 25940 --- [           main] S.SpringHibernateRestApiApplicationTests : Starting SpringHibernateRestApiApplicationTests using Java 17.0.9 with PID 25940 (started by bansroy in C:\Users\BANSROY\Documents\CAPGEMINI-TRAINING\PRACTICE CODES\training\15-Spring-Boot-Rest-Jpa-Repository-Security)
2024-03-25T14:57:12.914+05:30  INFO 25940 --- [           main] S.SpringHibernateRestApiApplicationTests : No active profile set, falling back to 1 default profile: "default"
2024-03-25T14:57:13.163+05:30  INFO 25940 --- [           main] .s.d.r.c.RepositoryConfigurationDelegate : Bootstrapping Spring Data JPA repositories in DEFAULT mode.
2024-03-25T14:57:13.188+05:30  INFO 25940 --- [           main] .s.d.r.c.RepositoryConfigurationDelegate : Finished Spring Data repository scanning in 25 ms. Found 2 JPA repository interfaces.
2024-03-25T14:57:13.289+05:30  INFO 25940 --- [           main] o.hibernate.jpa.internal.util.LogHelper  : HHH000204: Processing PersistenceUnitInfo [name: default]
2024-03-25T14:57:13.292+05:30  INFO 25940 --- [           main] o.h.c.internal.RegionFactoryInitiator    : HHH000026: Second-level cache disabled
2024-03-25T14:57:13.298+05:30  INFO 25940 --- [           main] o.s.o.j.p.SpringPersistenceUnitInfo      : No LoadTimeWeaver setup: ignoring JPA class transformer
2024-03-25T14:57:13.299+05:30  INFO 25940 --- [           main] com.zaxxer.hikari.HikariDataSource       : HikariPool-2 - Starting...
2024-03-25T14:57:13.299+05:30  WARN 25940 --- [           main] c.zaxxer.hikari.util.DriverDataSource    : Registered driver with driverClassName=oracle.jdbc.driver.OracleDriver was not found, trying direct instantiation.
2024-03-25T14:57:13.326+05:30  INFO 25940 --- [           main] com.zaxxer.hikari.pool.HikariPool        : HikariPool-2 - Added connection oracle.jdbc.driver.T4CConnection@fbeec88
2024-03-25T14:57:13.326+05:30  INFO 25940 --- [           main] com.zaxxer.hikari.HikariDataSource       : HikariPool-2 - Start completed.
2024-03-25T14:57:13.328+05:30  WARN 25940 --- [           main] org.hibernate.dialect.Dialect            : HHH000511: The 11.2.0 version for [org.hibernate.dialect.OracleDialect] is no longer supported, hence certain features may not work properly. The minimum supported version is 19.0.0. Check the community dialects project for available legacy versions.
2024-03-25T14:57:13.329+05:30  WARN 25940 --- [           main] org.hibernate.orm.deprecation            : HHH90000025: OracleDialect does not need to be specified explicitly using 'hibernate.dialect' (remove the property setting and it will be selected by default)
Hibernate: create global temporary table HTE_review(movie_id number(10,0), rating float(24), review_id number(10,0), rn_ number(10,0) not null, reviewer_name varchar2(20 char), review varchar2(200 char), primary key (rn_)) on commit delete rows
Hibernate: create global temporary table HTE_userlogin(rn_ number(10,0) not null, id number(19,0), password varchar2(255 char), role varchar2(255 char), username varchar2(255 char), primary key (rn_)) on commit delete rows
2024-03-25T14:57:13.412+05:30  INFO 25940 --- [           main] o.h.e.t.j.p.i.JtaPlatformInitiator       : HHH000489: No JTA platform available (set 'hibernate.transaction.jta.platform' to enable JTA platform integration)
2024-03-25T14:57:13.727+05:30  INFO 25940 --- [           main] j.LocalContainerEntityManagerFactoryBean : Initialized JPA EntityManagerFactory for persistence unit 'default'
2024-03-25T14:57:13.835+05:30  WARN 25940 --- [           main] JpaBaseConfiguration$JpaWebConfiguration : spring.jpa.open-in-view is enabled by default. Therefore, database queries may be performed during view rendering. Explicitly configure spring.jpa.open-in-view to disable this warning
---Web security -- configure
2024-03-25T14:57:14.403+05:30  INFO 25940 --- [           main] o.s.s.web.DefaultSecurityFilterChain     : Will secure any request with [org.springframework.security.web.session.DisableEncodeUrlFilter@7da706de, org.springframework.security.web.context.request.async.WebAsyncManagerIntegrationFilter@5e284484, org.springframework.security.web.context.SecurityContextHolderFilter@7e38440b, org.springframework.security.web.header.HeaderWriterFilter@219e0fad, org.springframework.web.filter.CorsFilter@34365e75, org.springframework.security.web.authentication.logout.LogoutFilter@764990f, com.cg.secure.config.JwtRequestFilter@597e374, org.springframework.security.web.savedrequest.RequestCacheAwareFilter@3ee00406, org.springframework.security.web.servletapi.SecurityContextHolderAwareRequestFilter@6fd28710, org.springframework.security.web.authentication.AnonymousAuthenticationFilter@2a1c5329, org.springframework.security.web.session.SessionManagementFilter@5170a6dc, org.springframework.security.web.access.ExceptionTranslationFilter@61642f8d, org.springframework.security.web.access.intercept.AuthorizationFilter@420b87f5]
2024-03-25T14:57:14.501+05:30  INFO 25940 --- [           main] S.SpringHibernateRestApiApplicationTests : Started SpringHibernateRestApiApplicationTests in 1.624 seconds (process running for 14.52)
]]></system-out>
  </testcase>
</testsuite>